Начало первой раздачи

Карты Хач: 

DIAMONDS 8
HEARTS KING
HEARTS QUEEN
CLUBS 9
HEARTS 7
CLUBS JACK
SPADES JACK
CLUBS ACE
DIAMONDS JACK
HEARTS 8

Карты Хуяч: 

SPADES QUEEN
DIAMONDS ACE
SPADES 7
CLUBS QUEEN
HEARTS 9
CLUBS KING
CLUBS 10
HEARTS ACE
DIAMONDS 10
SPADES 9

Карты Поебалу: 

SPADES KING
DIAMONDS QUEEN
CLUBS 8
SPADES 10
SPADES 8
HEARTS 10
CLUBS 7
DIAMONDS KING
HEARTS JACK
SPADES ACE

Выбранные стратегии ботами: 

Contract
Unpacking
Contract
----------------------------------------------------------------------------------
